<?xml version="1.0" encoding="UTF-8"?>
<testng-results ignored="0" total="1" passed="1" failed="0" skipped="0">
  <reporter-output>
  </reporter-output>
  <suite started-at="2023-03-06T12:06:00 IST" name="Default suite" finished-at="2023-03-06T12:06:17 IST" duration-ms="16757">
    <groups>
    </groups>
    <test started-at="2023-03-06T12:06:00 IST" name="Default test" finished-at="2023-03-06T12:06:17 IST" duration-ms="16757">
      <class name="Selenium_Practies.Selenium_java.Actions_classin_java">
        <test-method is-config="true" signature="close()[pri:0, instance:Selenium_Practies.Selenium_java.Actions_classin_java@333291e3]" started-at="2023-03-06T12:06:00 IST" name="close" finished-at="2023-03-06T12:06:00 IST" duration-ms="9" status="PASS">
          <reporter-output>
          </reporter-output>
        </test-method> <!-- close -->
        <test-method is-config="true" signature="lanch()[pri:0, instance:Selenium_Practies.Selenium_java.Actions_classin_java@333291e3]" started-at="2023-03-06T12:06:00 IST" name="lanch" finished-at="2023-03-06T12:06:07 IST" duration-ms="7428" status="PASS">
          <reporter-output>
          </reporter-output>
        </test-method> <!-- lanch -->
        <test-method signature="drag()[pri:0, instance:Selenium_Practies.Selenium_java.Actions_classin_java@333291e3]" started-at="2023-03-06T12:06:07 IST" name="drag" finished-at="2023-03-06T12:06:17 IST" duration-ms="9271" status="PASS">
          <reporter-output>
          </reporter-output>
        </test-method> <!-- drag -->
      </class> <!-- Selenium_Practies.Selenium_java.Actions_classin_java -->
    </test> <!-- Default test -->
  </suite> <!-- Default suite -->
</testng-results>
